<?xml version="1.0" encoding="UTF-8"?>
<testsuite xmlns:xsi="http://www.w3.org/2001/XMLSchema-instance" xsi:noNamespaceSchemaLocation="https://maven.apache.org/surefire/maven-surefire-plugin/xsd/surefire-test-report.xsd" name="br.com.lojasrenner.uri.Project.Uri.UriApiTest" time="1.565" tests="1" errors="0" skipped="0" failures="1">
  <properties>
[...]
</properties>
  <testcase name="todosFilmesVerificaCabecalhosResposta" classname="br.com.lojasrenner.uri.Project.Uri.UriApiTest" time="1.54">
    <failure message="1 expectation failed.&#10;Expected content-type &quot;JSON&quot; doesn&apos;t match actual content-type &quot;application/octet-stream&quot;.&#10;" type="java.lang.AssertionError">java.lang.AssertionError: 
1 expectation failed.
Expected content-type "JSON" doesn't match actual content-type "application/octet-stream".

	at br.com.lojasrenner.uri.Project.Uri.UriApiTest.todosFilmesVerificaCabecalhosResposta(UriApiTest.java:23)
</failure>
    <system-out><![CDATA[17:52:09.039 [main] DEBUG org.apache.http.impl.conn.BasicClientConnectionManager - Get connection for route {s}->https://uristorageprod.blob.core.windows.net:443
17:52:09.293 [main] DEBUG org.apache.http.impl.conn.DefaultClientConnectionOperator - Connecting to uristorageprod.blob.core.windows.net:443
17:52:09.576 [main] DEBUG org.apache.http.client.protocol.RequestAddCookies - CookieSpec selected: ignoreCookies
17:52:09.577 [main] DEBUG org.apache.http.client.protocol.RequestAuthCache - Auth cache not set in the context
17:52:09.577 [main] DEBUG org.apache.http.client.protocol.RequestTargetAuthentication - Target auth state: UNCHALLENGED
17:52:09.578 [main] DEBUG org.apache.http.client.protocol.RequestProxyAuthentication - Proxy auth state: UNCHALLENGED
17:52:09.578 [main] DEBUG org.apache.http.impl.client.DefaultHttpClient - Attempt 1 to execute request
17:52:09.578 [main] DEBUG org.apache.http.impl.conn.DefaultClientConnection - Sending request: GET /item/v1/001/BR/full/10009.json HTTP/1.1
17:52:09.579 [main] DEBUG org.apache.http.wire -  >> "GET /item/v1/001/BR/full/10009.json HTTP/1.1[\r][\n]"
17:52:09.580 [main] DEBUG org.apache.http.wire -  >> "Accept: */*[\r][\n]"
17:52:09.580 [main] DEBUG org.apache.http.wire -  >> "Content-Length: 0[\r][\n]"
17:52:09.580 [main] DEBUG org.apache.http.wire -  >> "Host: uristorageprod.blob.core.windows.net[\r][\n]"
17:52:09.580 [main] DEBUG org.apache.http.wire -  >> "Connection: Keep-Alive[\r][\n]"
17:52:09.580 [main] DEBUG org.apache.http.wire -  >> "User-Agent: Apache-HttpClient/4.5.10 (Java/1.8.0_222)[\r][\n]"
17:52:09.580 [main] DEBUG org.apache.http.wire -  >> "Accept-Encoding: gzip,deflate[\r][\n]"
17:52:09.580 [main] DEBUG org.apache.http.wire -  >> "[\r][\n]"
17:52:09.580 [main] DEBUG org.apache.http.headers - >> GET /item/v1/001/BR/full/10009.json HTTP/1.1
17:52:09.580 [main] DEBUG org.apache.http.headers - >> Accept: */*
17:52:09.580 [main] DEBUG org.apache.http.headers - >> Content-Length: 0
17:52:09.580 [main] DEBUG org.apache.http.headers - >> Host: uristorageprod.blob.core.windows.net
17:52:09.580 [main] DEBUG org.apache.http.headers - >> Connection: Keep-Alive
17:52:09.580 [main] DEBUG org.apache.http.headers - >> User-Agent: Apache-HttpClient/4.5.10 (Java/1.8.0_222)
17:52:09.580 [main] DEBUG org.apache.http.headers - >> Accept-Encoding: gzip,deflate
17:52:09.634 [main] DEBUG org.apache.http.wire -  << "HTTP/1.1 200 OK[\r][\n]"
17:52:09.635 [main] DEBUG org.apache.http.wire -  << "Content-Length: 659[\r][\n]"
17:52:09.636 [main] DEBUG org.apache.http.wire -  << "Content-Type: application/octet-stream[\r][\n]"
17:52:09.636 [main] DEBUG org.apache.http.wire -  << "Last-Modified: Tue, 17 Dec 2019 12:46:42 GMT[\r][\n]"
17:52:09.636 [main] DEBUG org.apache.http.wire -  << "Accept-Ranges: bytes[\r][\n]"
17:52:09.636 [main] DEBUG org.apache.http.wire -  << "ETag: "0x8D782EF2B17BD17"[\r][\n]"
17:52:09.636 [main] DEBUG org.apache.http.wire -  << "Server: Windows-Azure-Blob/1.0 Microsoft-HTTPAPI/2.0[\r][\n]"
17:52:09.636 [main] DEBUG org.apache.http.wire -  << "x-ms-request-id: 86dea536-f01e-0017-286e-b754f2000000[\r][\n]"
17:52:09.636 [main] DEBUG org.apache.http.wire -  << "x-ms-version: 2014-02-14[\r][\n]"
17:52:09.636 [main] DEBUG org.apache.http.wire -  << "x-ms-meta-hdi_permission: {"owner":"root","group":"supergroup","permissions":"rw-r--r--"}[\r][\n]"
17:52:09.636 [main] DEBUG org.apache.http.wire -  << "x-ms-lease-status: unlocked[\r][\n]"
17:52:09.637 [main] DEBUG org.apache.http.wire -  << "x-ms-lease-state: available[\r][\n]"
17:52:09.637 [main] DEBUG org.apache.http.wire -  << "x-ms-blob-type: BlockBlob[\r][\n]"
17:52:09.637 [main] DEBUG org.apache.http.wire -  << "x-ms-copy-id: 6fa015ab-582c-44bf-b044-b9772dcefa2d[\r][\n]"
17:52:09.637 [main] DEBUG org.apache.http.wire -  << "x-ms-copy-source: https://uristorageprod.blob.core.windows.net/item/_$azuretmpfolder$/067d93fd-103c-4de5-9aed-1e8cc6ae9b5f10009.json?sig=i9mDmXBi872QGeBGGfbaLMFaDNMGODJskW89Yspb0MQ%3D&api-version=2016-05-31&st=2019-12-17T11%3A52%3A29Z&se=2019-12-18T07%3A52%3A29Z&sv=2017-07-29&spr=https&sp=racwdl&sr=c[\r][\n]"
17:52:09.637 [main] DEBUG org.apache.http.wire -  << "x-ms-copy-status: success[\r][\n]"
17:52:09.637 [main] DEBUG org.apache.http.wire -  << "x-ms-copy-progress: 659/659[\r][\n]"
17:52:09.637 [main] DEBUG org.apache.http.wire -  << "x-ms-copy-completion-time: Tue, 17 Dec 2019 12:46:42 GMT[\r][\n]"
17:52:09.637 [main] DEBUG org.apache.http.wire -  << "Date: Fri, 20 Dec 2019 19:52:09 GMT[\r][\n]"
17:52:09.637 [main] DEBUG org.apache.http.wire -  << "[\r][\n]"
17:52:09.638 [main] DEBUG org.apache.http.impl.conn.DefaultClientConnection - Receiving response: HTTP/1.1 200 OK
17:52:09.638 [main] DEBUG org.apache.http.headers - << HTTP/1.1 200 OK
17:52:09.638 [main] DEBUG org.apache.http.headers - << Content-Length: 659
17:52:09.638 [main] DEBUG org.apache.http.headers - << Content-Type: application/octet-stream
17:52:09.639 [main] DEBUG org.apache.http.headers - << Last-Modified: Tue, 17 Dec 2019 12:46:42 GMT
17:52:09.639 [main] DEBUG org.apache.http.headers - << Accept-Ranges: bytes
17:52:09.639 [main] DEBUG org.apache.http.headers - << ETag: "0x8D782EF2B17BD17"
17:52:09.639 [main] DEBUG org.apache.http.headers - << Server: Windows-Azure-Blob/1.0 Microsoft-HTTPAPI/2.0
17:52:09.639 [main] DEBUG org.apache.http.headers - << x-ms-request-id: 86dea536-f01e-0017-286e-b754f2000000
17:52:09.639 [main] DEBUG org.apache.http.headers - << x-ms-version: 2014-02-14
17:52:09.639 [main] DEBUG org.apache.http.headers - << x-ms-meta-hdi_permission: {"owner":"root","group":"supergroup","permissions":"rw-r--r--"}
17:52:09.639 [main] DEBUG org.apache.http.headers - << x-ms-lease-status: unlocked
17:52:09.639 [main] DEBUG org.apache.http.headers - << x-ms-lease-state: available
17:52:09.639 [main] DEBUG org.apache.http.headers - << x-ms-blob-type: BlockBlob
17:52:09.639 [main] DEBUG org.apache.http.headers - << x-ms-copy-id: 6fa015ab-582c-44bf-b044-b9772dcefa2d
17:52:09.639 [main] DEBUG org.apache.http.headers - << x-ms-copy-source: https://uristorageprod.blob.core.windows.net/item/_$azuretmpfolder$/067d93fd-103c-4de5-9aed-1e8cc6ae9b5f10009.json?sig=i9mDmXBi872QGeBGGfbaLMFaDNMGODJskW89Yspb0MQ%3D&api-version=2016-05-31&st=2019-12-17T11%3A52%3A29Z&se=2019-12-18T07%3A52%3A29Z&sv=2017-07-29&spr=https&sp=racwdl&sr=c
17:52:09.639 [main] DEBUG org.apache.http.headers - << x-ms-copy-status: success
17:52:09.639 [main] DEBUG org.apache.http.headers - << x-ms-copy-progress: 659/659
17:52:09.639 [main] DEBUG org.apache.http.headers - << x-ms-copy-completion-time: Tue, 17 Dec 2019 12:46:42 GMT
17:52:09.639 [main] DEBUG org.apache.http.headers - << Date: Fri, 20 Dec 2019 19:52:09 GMT
17:52:09.644 [main] DEBUG org.apache.http.impl.client.DefaultHttpClient - Connection can be kept alive indefinitely
17:52:09.660 [main] DEBUG io.restassured.internal.RequestSpecificationImpl$RestAssuredHttpBuilder - Parsing response as: application/octet-stream
17:52:09.660 [main] DEBUG io.restassured.internal.RequestSpecificationImpl$RestAssuredHttpBuilder - Parsed data to instance of: class org.apache.http.conn.EofSensorInputStream
]]></system-out>
  </testcase>
</testsuite>